<?xml version="1.0" encoding="UTF-8"?>
<testsuite name="com.mygame.PlayerTests" tests="1" skipped="0" failures="0" errors="0" timestamp="2022-03-06T13:18:33" hostname="Deepika-ka-MacBook-Pro.local" time="0.002">
  <properties/>
  <testcase name="constructPlayerWithChar()" classname="com.mygame.PlayerTests" time="0.002"/>
  <system-out><![CDATA[]]></system-out>
  <system-err><![CDATA[]]></system-err>
</testsuite>
